[2024-09-28 23:00 Asia/Calcutta] post params IPN: sdfd=sdfsdds
[2024-09-28 23:00 Asia/Calcutta] POST IPN: Array
[2024-09-28 23:00 Asia/Calcutta] stripe response IPN: Array
[2024-09-28 23:00 Asia/Calcutta] post params IPN: sdfd=sdfsdds
[2024-09-28 23:00 Asia/Calcutta] POST IPN: Array
[2024-09-28 23:00 Asia/Calcutta] stripe response IPN: Array
[2024-09-28 23:00 Asia/Calcutta] post params IPN: sdfd=sdfsdds
[2024-09-28 23:00 Asia/Calcutta] POST IPN: Array
[2024-09-28 23:00 Asia/Calcutta] stripe response IPN: Array
[2024-09-28 23:01 Asia/Calcutta] post params IPN:
[2024-09-28 23:01 Asia/Calcutta] post params IPN: sdfd=sdfsdds
[2024-09-28 23:01 Asia/Calcutta] POST IPN: Array
[2024-09-28 23:01 Asia/Calcutta] stripe response IPN: Array
[2024-09-28 23:02 Asia/Calcutta] post params IPN:==========
[2024-09-28 23:02 Asia/Calcutta] post params IPN: sdfd=sdfsdds
[2024-09-28 23:02 Asia/Calcutta] POST IPN: Array
[2024-09-28 23:02 Asia/Calcutta] stripe response IPN: Array
[2024-09-28 23:03 Asia/Calcutta] post params IPN:==========
[2024-09-28 23:03 Asia/Calcutta] post params IPN: sdfd=sdfsdds
[2024-09-28 23:03 Asia/Calcutta] POST IPN: Array
